[AE] skipped pretrain; loaded stage-1 checkpoint: /home/josepcec/Downloads/OASPL/svDD/samplesvdd/hySpCheck/runs/ablate_mnist_full_t2_ae150/ae_stage1_ep150.pth
[SVDD-H] 001/100 loss=1.794622 rec=1.727886 svdd=1334.721846 excl=0.000000 overlap=0.000000 R_mean=0.0000
[SVDD-H] 002/100 loss=1.781399 rec=1.721440 svdd=1199.171446 excl=0.000000 overlap=0.000000 R_mean=0.0000
[SVDD-H] 003/100 loss=1.777211 rec=1.722439 svdd=1095.436388 excl=0.000000 overlap=0.000000 R_mean=0.0000
[SVDD-H] 004/100 loss=1.773641 rec=1.723202 svdd=1008.781448 excl=0.000000 overlap=0.000000 R_mean=0.0000
[SVDD-H] 005/100 loss=1.765958 rec=1.719240 svdd=934.355591 excl=0.000000 overlap=0.000000 R_mean=0.0000
[EVAL] epoch=005 macro_auc=0.8152986271405543
[SVDD-H] 006/100 loss=1.761930 rec=1.718386 svdd=870.874355 excl=0.000000 overlap=0.000000 R_mean=10.1091
[SVDD-H] 007/100 loss=1.847850 rec=1.716376 svdd=117.542870 excl=0.872909 overlap=12.472304 R_mean=10.3617
[SVDD-H] 008/100 loss=1.854414 rec=1.718377 svdd=118.400047 excl=0.342612 overlap=12.977442 R_mean=10.5325
[SVDD-H] 009/100 loss=1.853824 rec=1.714375 svdd=119.814436 excl=0.267959 overlap=13.319026 R_mean=10.6609
[SVDD-H] 010/100 loss=1.858716 rec=1.716665 svdd=121.284689 excl=0.228918 overlap=13.575745 R_mean=10.7667
[EVAL] epoch=010 macro_auc=0.9356546840770046
[SVDD-H] 011/100 loss=1.859170 rec=1.714956 svdd=122.720599 excl=0.202707 overlap=13.787476 R_mean=10.8566
[SVDD-H] 012/100 loss=1.863577 rec=1.717516 svdd=124.066717 excl=0.185434 overlap=13.967269 R_mean=10.9336
[SVDD-H] 013/100 loss=1.862237 rec=1.714590 svdd=125.277798 excl=0.171812 overlap=14.121135 R_mean=11.0017
[SVDD-H] 014/100 loss=1.863266 rec=1.714209 svdd=126.428783 excl=0.162044 overlap=14.257388 R_mean=11.0628
[SVDD-H] 015/100 loss=1.863187 rec=1.712862 svdd=127.510924 excl=0.154594 overlap=14.379525 R_mean=11.1189
[EVAL] epoch=015 macro_auc=0.9583130892453559
[SVDD-H] 016/100 loss=1.864880 rec=1.713383 svdd=128.551770 excl=0.149813 overlap=14.491914 R_mean=11.1708
[SVDD-H] 017/100 loss=1.866983 rec=1.714406 svdd=129.549011 excl=0.144220 overlap=14.595554 R_mean=11.2204
[SVDD-H] 018/100 loss=1.866403 rec=1.712788 svdd=130.537191 excl=0.140547 overlap=14.694784 R_mean=11.2662
[SVDD-H] 019/100 loss=1.867523 rec=1.712948 svdd=131.478266 excl=0.136609 overlap=14.786450 R_mean=11.3108
[SVDD-H] 020/100 loss=1.866149 rec=1.710637 svdd=132.406956 excl=0.135216 overlap=14.875610 R_mean=11.3521
[EVAL] epoch=020 macro_auc=0.9692397528650123
[SVDD-H] 021/100 loss=1.867532 rec=1.711151 svdd=133.321975 excl=0.132417 overlap=14.958220 R_mean=11.3934
[SVDD-H] 022/100 loss=1.866179 rec=1.708927 svdd=134.233147 excl=0.131999 overlap=15.040883 R_mean=11.4327
[SVDD-H] 023/100 loss=1.868532 rec=1.710453 svdd=135.108697 excl=0.130245 overlap=15.119324 R_mean=11.4700
[SVDD-H] 024/100 loss=1.868932 rec=1.710064 svdd=135.976954 excl=0.129742 overlap=15.194036 R_mean=11.5080
[SVDD-H] 025/100 loss=1.868038 rec=1.708366 svdd=136.853101 excl=0.129353 overlap=15.269958 R_mean=11.5457
[EVAL] epoch=025 macro_auc=0.9742636977081827
[SVDD-H] 026/100 loss=1.867798 rec=1.707330 svdd=137.730834 excl=0.128330 overlap=15.345340 R_mean=11.5820
[SVDD-H] 027/100 loss=1.872403 rec=1.711165 svdd=138.600563 excl=0.127217 overlap=15.418052 R_mean=11.6176
[SVDD-H] 028/100 loss=1.870240 rec=1.708247 svdd=139.476308 excl=0.127862 overlap=15.489186 R_mean=11.6542
[SVDD-H] 029/100 loss=1.872766 rec=1.709998 svdd=140.343517 excl=0.127512 overlap=15.562350 R_mean=11.6891
[SVDD-H] 030/100 loss=1.869775 rec=1.706262 svdd=141.239535 excl=0.127457 overlap=15.632318 R_mean=11.7247
[EVAL] epoch=030 macro_auc=0.9764996906566124
[SVDD-H] 031/100 loss=1.871715 rec=1.707446 svdd=142.133034 excl=0.128039 overlap=15.703403 R_mean=11.7602
[SVDD-H] 032/100 loss=1.867304 rec=1.702281 svdd=143.022188 excl=0.128818 overlap=15.774327 R_mean=11.7950
[SVDD-H] 033/100 loss=1.872393 rec=1.706628 svdd=143.903655 excl=0.128928 overlap=15.844111 R_mean=11.8303
[SVDD-H] 034/100 loss=1.871497 rec=1.704981 svdd=144.813664 excl=0.128967 overlap=15.914643 R_mean=11.8647
[SVDD-H] 035/100 loss=1.872773 rec=1.705523 svdd=145.734759 excl=0.129589 overlap=15.983429 R_mean=11.9003
[EVAL] epoch=035 macro_auc=0.9771654391673449
[SVDD-H] 036/100 loss=1.873513 rec=1.705502 svdd=146.660826 excl=0.130872 overlap=16.054638 R_mean=11.9353
[SVDD-H] 037/100 loss=1.870553 rec=1.701797 svdd=147.556468 excl=0.131340 overlap=16.124708 R_mean=11.9705
[SVDD-H] 038/100 loss=1.871681 rec=1.702172 svdd=148.523808 excl=0.131443 overlap=16.195118 R_mean=12.0061
[SVDD-H] 039/100 loss=1.874678 rec=1.704410 svdd=149.454759 excl=0.133789 overlap=16.266151 R_mean=12.0413
[SVDD-H] 040/100 loss=1.874298 rec=1.703278 svdd=150.397355 excl=0.133671 overlap=16.336613 R_mean=12.0764
[EVAL] epoch=040 macro_auc=0.9768352304333716
[SVDD-H] 041/100 loss=1.873515 rec=1.701742 svdd=151.371049 excl=0.135377 overlap=16.406906 R_mean=12.1122
[SVDD-H] 042/100 loss=1.879303 rec=1.706765 svdd=152.352840 excl=0.135981 overlap=16.478453 R_mean=12.1477
[SVDD-H] 043/100 loss=1.875020 rec=1.701722 svdd=153.341104 excl=0.138294 overlap=16.549334 R_mean=12.1835
[SVDD-H] 044/100 loss=1.875196 rec=1.701129 svdd=154.343489 excl=0.140167 overlap=16.620981 R_mean=12.2197
[SVDD-H] 045/100 loss=1.876698 rec=1.701854 svdd=155.335652 excl=0.142299 overlap=16.693521 R_mean=12.2557
[EVAL] epoch=045 macro_auc=0.9753693393464905
[SVDD-H] 046/100 loss=1.876225 rec=1.700611 svdd=156.357293 excl=0.142156 overlap=16.765398 R_mean=12.2921
[SVDD-H] 047/100 loss=1.879556 rec=1.703158 svdd=157.394621 excl=0.144765 overlap=16.838308 R_mean=12.3287
[SVDD-H] 048/100 loss=1.875671 rec=1.698488 svdd=158.435165 excl=0.146950 overlap=16.911461 R_mean=12.3648
[SVDD-H] 049/100 loss=1.876664 rec=1.698705 svdd=159.508181 excl=0.148129 overlap=16.983622 R_mean=12.4017
[SVDD-H] 050/100 loss=1.879836 rec=1.701082 svdd=160.567269 excl=0.150812 overlap=17.057493 R_mean=12.4387
[EVAL] epoch=050 macro_auc=0.9727964227524364
[SVDD-H] 051/100 loss=1.879688 rec=1.700137 svdd=161.652001 excl=0.153443 overlap=17.131449 R_mean=12.4758
[SVDD-H] 052/100 loss=1.877855 rec=1.697506 svdd=162.775779 excl=0.154974 overlap=17.205566 R_mean=12.5135
[SVDD-H] 053/100 loss=1.882816 rec=1.701653 svdd=163.884496 excl=0.158840 overlap=17.281025 R_mean=12.5508
[SVDD-H] 054/100 loss=1.880328 rec=1.698360 svdd=165.035992 excl=0.159987 overlap=17.355608 R_mean=12.5881
[SVDD-H] 055/100 loss=1.881204 rec=1.698426 svdd=166.198536 excl=0.165222 overlap=17.430275 R_mean=12.6267
[EVAL] epoch=055 macro_auc=0.9678457105275408
[SVDD-H] 056/100 loss=1.878353 rec=1.694741 svdd=167.389950 excl=0.168076 overlap=17.507366 R_mean=12.6650
[SVDD-H] 057/100 loss=1.883042 rec=1.698600 svdd=168.620422 excl=0.170345 overlap=17.584072 R_mean=12.7041
[SVDD-H] 058/100 loss=1.882734 rec=1.697441 svdd=169.867480 excl=0.176483 overlap=17.662312 R_mean=12.7439
[SVDD-H] 059/100 loss=1.885286 rec=1.699128 svdd=171.140507 excl=0.182179 overlap=17.741882 R_mean=12.7834
[SVDD-H] 060/100 loss=1.882864 rec=1.695846 svdd=172.481366 excl=0.185831 overlap=17.820837 R_mean=12.8241
[EVAL] epoch=060 macro_auc=0.9574094725154613
[SVDD-H] 061/100 loss=1.881443 rec=1.693534 svdd=173.903623 excl=0.192100 overlap=17.902229 R_mean=12.8649
[SVDD-H] 062/100 loss=1.886590 rec=1.697782 svdd=175.371155 excl=0.201003 overlap=17.983816 R_mean=12.9067
[SVDD-H] 063/100 loss=1.883953 rec=1.694220 svdd=176.893227 excl=0.212780 overlap=18.067518 R_mean=12.9486
[SVDD-H] 064/100 loss=1.884187 rec=1.693525 svdd=178.334918 excl=0.232513 overlap=18.151270 R_mean=12.9905
[SVDD-H] 065/100 loss=1.889173 rec=1.697560 svdd=179.568061 excl=0.283927 overlap=18.235113 R_mean=13.0312
[EVAL] epoch=065 macro_auc=0.929813402323268
[SVDD-H] 066/100 loss=1.888805 rec=1.696232 svdd=180.327405 excl=0.391458 overlap=18.316467 R_mean=13.0682
[SVDD-H] 067/100 loss=1.889693 rec=1.696257 svdd=181.315182 excl=0.465709 overlap=18.390379 R_mean=13.1029
[SVDD-H] 068/100 loss=1.889478 rec=1.695243 svdd=182.332066 excl=0.520489 overlap=18.459795 R_mean=13.1361
[SVDD-H] 069/100 loss=1.889051 rec=1.694036 svdd=182.631608 excl=0.620461 overlap=18.526308 R_mean=13.1651
[SVDD-H] 070/100 loss=1.890796 rec=1.695105 svdd=182.962426 excl=0.699631 overlap=18.584290 R_mean=13.1903
[EVAL] epoch=070 macro_auc=0.853035037653967
[SVDD-H] 071/100 loss=1.888805 rec=1.692524 svdd=183.028256 excl=0.783413 overlap=18.634644 R_mean=13.2122
[SVDD-H] 072/100 loss=1.888075 rec=1.691256 svdd=182.609120 excl=0.905292 overlap=18.678329 R_mean=13.2281
[SVDD-H] 073/100 loss=1.887516 rec=1.690308 svdd=182.642111 excl=0.973304 overlap=18.710232 R_mean=13.2416
[SVDD-H] 074/100 loss=1.889340 rec=1.691819 svdd=182.985832 excl=1.000214 overlap=18.737225 R_mean=13.2539
[SVDD-H] 075/100 loss=1.889016 rec=1.691221 svdd=183.377481 excl=1.008050 overlap=18.761745 R_mean=13.2650
[EVAL] epoch=075 macro_auc=0.828917322321748
[SVDD-H] 076/100 loss=1.888679 rec=1.690645 svdd=183.768924 excl=1.006466 overlap=18.783928 R_mean=13.2760
[SVDD-H] 077/100 loss=1.890376 rec=1.692102 svdd=184.178344 excl=1.005658 overlap=18.805973 R_mean=13.2873
[SVDD-H] 078/100 loss=1.892656 rec=1.694135 svdd=184.596548 excl=1.005023 overlap=18.828627 R_mean=13.2986
[SVDD-H] 079/100 loss=1.889471 rec=1.690705 svdd=185.008189 excl=1.004543 overlap=18.851198 R_mean=13.3095
[SVDD-H] 080/100 loss=1.889152 rec=1.690144 svdd=185.426405 excl=1.006060 overlap=18.873074 R_mean=13.3206
[EVAL] epoch=080 macro_auc=0.8368783084019198
[SVDD-H] 081/100 loss=1.889307 rec=1.690058 svdd=185.848069 excl=1.004705 overlap=18.895229 R_mean=13.3310
[SVDD-H] 082/100 loss=1.892279 rec=1.692800 svdd=186.257747 excl=1.005476 overlap=18.916044 R_mean=13.3408
[SVDD-H] 083/100 loss=1.890165 rec=1.690470 svdd=186.653425 excl=1.006012 overlap=18.935616 R_mean=13.3506
[SVDD-H] 084/100 loss=1.889295 rec=1.689382 svdd=187.073610 excl=1.006683 overlap=18.955278 R_mean=13.3610
[SVDD-H] 085/100 loss=1.887622 rec=1.687480 svdd=187.508666 excl=1.005326 overlap=18.976088 R_mean=13.3714
[EVAL] epoch=085 macro_auc=0.8457557386785808
[SVDD-H] 086/100 loss=1.889110 rec=1.688738 svdd=187.953962 excl=1.007562 overlap=18.996759 R_mean=13.3814
[SVDD-H] 087/100 loss=1.888076 rec=1.687480 svdd=188.379694 excl=1.009607 overlap=19.016733 R_mean=13.3908
[SVDD-H] 088/100 loss=1.887194 rec=1.686385 svdd=188.827365 excl=1.010422 overlap=19.035700 R_mean=13.4001
[SVDD-H] 089/100 loss=1.888081 rec=1.687062 svdd=189.263224 excl=1.013641 overlap=19.054264 R_mean=13.4087
[SVDD-H] 090/100 loss=1.886429 rec=1.685210 svdd=189.727692 excl=1.017595 overlap=19.071476 R_mean=13.4176
[EVAL] epoch=090 macro_auc=0.8521120129193894
[SVDD-H] 091/100 loss=1.888983 rec=1.687558 svdd=190.191159 excl=1.023023 overlap=19.089195 R_mean=13.4262
[SVDD-H] 092/100 loss=1.888610 rec=1.686982 svdd=190.695875 excl=1.029442 overlap=19.106401 R_mean=13.4351
[SVDD-H] 093/100 loss=1.889714 rec=1.687871 svdd=191.227303 excl=1.038608 overlap=19.124262 R_mean=13.4444
[SVDD-H] 094/100 loss=1.890492 rec=1.688424 svdd=191.820129 excl=1.049435 overlap=19.142748 R_mean=13.4533
[SVDD-H] 095/100 loss=1.890833 rec=1.688542 svdd=192.388601 excl=1.065245 overlap=19.160582 R_mean=13.4629
[EVAL] epoch=095 macro_auc=0.8500878182481453
[SVDD-H] 096/100 loss=1.889793 rec=1.687263 svdd=192.834928 excl=1.089923 overlap=19.179848 R_mean=13.4721
[SVDD-H] 097/100 loss=1.894456 rec=1.691655 svdd=192.874035 excl=1.175649 overlap=19.198147 R_mean=13.4795
[SVDD-H] 098/100 loss=1.889587 rec=1.686519 svdd=192.975123 excl=1.288772 overlap=19.213049 R_mean=13.4853
[SVDD-H] 099/100 loss=1.887830 rec=1.684555 svdd=193.504283 excl=1.353614 overlap=19.224653 R_mean=13.4924
[SVDD-H] 100/100 loss=1.889881 rec=1.686365 svdd=194.513720 excl=1.401857 overlap=19.238815 R_mean=13.5055
[EVAL] epoch=100 macro_auc=0.799060915841298
{
  "best_epoch": 35,
  "best_macro_auc": 0.9771654391673449,
  "per_digit_best_auc": {
    "0": 0.9957796692259571,
    "1": 0.9975664748753357,
    "2": 0.9542865973827113,
    "3": 0.973139897449029,
    "4": 0.9791753631253551,
    "5": 0.954319282495878,
    "6": 0.9948663226006565,
    "7": 0.9880691548562894,
    "8": 0.9554098813268217,
    "9": 0.9790417483354154
  },
  "curvature": 1.0,
  "objective": "soft-boundary",
  "lambda_excl": 0.001,
  "margin_excl": 0.1,
  "lambda_overlap": 0.01,
  "margin_overlap": 0.05
}
