[AE] skipped pretrain; loaded stage-1 checkpoint: /home/josepcec/Downloads/OASPL/svDD/samplesvdd/hySpCheck/runs/ablate_mnist_full_t2_ae150/ae_stage1_ep150.pth
[SVDD-H] 001/100 loss=1.791112 rec=1.724370 svdd=1334.830358 excl=0.000000 overlap=0.000000 R_mean=0.0000
[SVDD-H] 002/100 loss=1.783637 rec=1.723631 svdd=1200.110839 excl=0.000000 overlap=0.000000 R_mean=0.0000
[SVDD-H] 003/100 loss=1.775330 rec=1.720535 svdd=1095.905127 excl=0.000000 overlap=0.000000 R_mean=0.0000
[SVDD-H] 004/100 loss=1.772096 rec=1.721640 svdd=1009.104616 excl=0.000000 overlap=0.000000 R_mean=0.0000
[SVDD-H] 005/100 loss=1.767845 rec=1.721128 svdd=934.322608 excl=0.000000 overlap=0.000000 R_mean=0.0000
[EVAL] epoch=005 macro_auc=0.8164279875381469
[SVDD-H] 006/100 loss=1.761522 rec=1.717978 svdd=870.893543 excl=0.000000 overlap=0.000000 R_mean=10.1059
[SVDD-H] 007/100 loss=1.853331 rec=1.718629 svdd=148.757703 excl=0.260860 overlap=12.465555 R_mean=10.7063
[SVDD-H] 008/100 loss=1.861414 rec=1.716404 svdd=144.940970 excl=0.109887 overlap=13.666391 R_mean=11.0675
[SVDD-H] 009/100 loss=1.869182 rec=1.717188 svdd=146.615666 excl=0.077620 overlap=14.388733 R_mean=11.3363
[SVDD-H] 010/100 loss=1.873467 rec=1.716089 svdd=149.654808 excl=0.063147 overlap=14.926414 R_mean=11.5558
[EVAL] epoch=010 macro_auc=0.9201473121973468
[SVDD-H] 011/100 loss=1.877727 rec=1.715826 svdd=153.239531 excl=0.058439 overlap=15.365445 R_mean=11.7463
[SVDD-H] 012/100 loss=1.880623 rec=1.714752 svdd=156.909940 excl=0.056148 overlap=15.746404 R_mean=11.9175
[SVDD-H] 013/100 loss=1.885312 rec=1.715831 svdd=160.589789 excl=0.056434 overlap=16.088758 R_mean=12.0741
[SVDD-H] 014/100 loss=1.887525 rec=1.714721 svdd=164.194344 excl=0.057442 overlap=16.401983 R_mean=12.2186
[SVDD-H] 015/100 loss=1.888658 rec=1.712761 svdd=167.792929 excl=0.059782 overlap=16.690945 R_mean=12.3577
[EVAL] epoch=015 macro_auc=0.9217983035762858
[SVDD-H] 016/100 loss=1.891393 rec=1.712482 svdd=171.496701 excl=0.064379 overlap=16.969198 R_mean=12.4890
[SVDD-H] 017/100 loss=1.894497 rec=1.712749 svdd=174.948859 excl=0.068444 overlap=17.231697 R_mean=12.6161
[SVDD-H] 018/100 loss=1.898143 rec=1.713630 svdd=178.454912 excl=0.073160 overlap=17.485914 R_mean=12.7398
[SVDD-H] 019/100 loss=1.900595 rec=1.713383 svdd=182.006453 excl=0.077647 overlap=17.733473 R_mean=12.8602
[SVDD-H] 020/100 loss=1.899955 rec=1.710099 svdd=185.584278 excl=0.083486 overlap=17.974209 R_mean=12.9797
[EVAL] epoch=020 macro_auc=0.9004969574425059
[SVDD-H] 021/100 loss=1.903780 rec=1.711279 svdd=189.019196 excl=0.091836 overlap=18.213154 R_mean=13.0970
[SVDD-H] 022/100 loss=1.906019 rec=1.710914 svdd=192.512473 excl=0.100212 overlap=18.447729 R_mean=13.2121
[SVDD-H] 023/100 loss=1.907243 rec=1.709549 svdd=195.975454 excl=0.111477 overlap=18.678034 R_mean=13.3268
[SVDD-H] 024/100 loss=1.910864 rec=1.710568 svdd=199.448280 excl=0.124996 overlap=18.907341 R_mean=13.4403
[SVDD-H] 025/100 loss=1.910223 rec=1.707328 svdd=202.755747 excl=0.141252 overlap=19.134432 R_mean=13.5531
[EVAL] epoch=025 macro_auc=0.8524488500998089
[SVDD-H] 026/100 loss=1.915399 rec=1.709907 svdd=206.060231 excl=0.159038 overlap=19.359900 R_mean=13.6637
[SVDD-H] 027/100 loss=1.915597 rec=1.707492 svdd=209.223063 excl=0.183250 overlap=19.581123 R_mean=13.7715
[SVDD-H] 028/100 loss=1.916968 rec=1.706232 svdd=212.308641 excl=0.215176 overlap=19.796881 R_mean=13.8789
[SVDD-H] 029/100 loss=1.919680 rec=1.706207 svdd=215.219159 excl=0.259558 overlap=20.011671 R_mean=13.9848
[SVDD-H] 030/100 loss=1.922621 rec=1.706058 svdd=217.610725 excl=0.344912 overlap=20.223362 R_mean=14.0868
[EVAL] epoch=030 macro_auc=0.7640265886777062
[SVDD-H] 031/100 loss=1.925920 rec=1.706342 svdd=219.932917 excl=0.430693 overlap=20.427481 R_mean=14.1845
[SVDD-H] 032/100 loss=1.927582 rec=1.705075 svdd=222.181896 excl=0.517028 overlap=20.622829 R_mean=14.2773
[SVDD-H] 033/100 loss=1.930099 rec=1.704847 svdd=224.346743 excl=0.595005 overlap=20.808456 R_mean=14.3684
[SVDD-H] 034/100 loss=1.932952 rec=1.704693 svdd=226.126322 excl=0.704779 overlap=20.990509 R_mean=14.4543
[SVDD-H] 035/100 loss=1.937093 rec=1.705409 svdd=227.177759 excl=0.870124 overlap=21.162380 R_mean=14.5328
[EVAL] epoch=035 macro_auc=0.6959816700158606
[SVDD-H] 036/100 loss=1.939593 rec=1.704331 svdd=227.784297 excl=1.067813 overlap=21.319424 R_mean=14.6003
[SVDD-H] 037/100 loss=1.942298 rec=1.704394 svdd=228.932426 excl=1.191332 overlap=21.454411 R_mean=14.6634
[SVDD-H] 038/100 loss=1.944258 rec=1.704125 svdd=230.361584 excl=1.280902 overlap=21.580566 R_mean=14.7227
[SVDD-H] 039/100 loss=1.942802 rec=1.700869 svdd=231.726672 excl=1.335507 overlap=21.699139 R_mean=14.7780
[SVDD-H] 040/100 loss=1.945098 rec=1.701627 svdd=233.221962 excl=1.371212 overlap=21.809788 R_mean=14.8329
[EVAL] epoch=040 macro_auc=0.643227587956879
[SVDD-H] 041/100 loss=1.948494 rec=1.703471 svdd=234.668721 excl=1.409375 overlap=21.919601 R_mean=14.8860
[SVDD-H] 042/100 loss=1.952716 rec=1.705904 svdd=235.603119 excl=1.477539 overlap=22.025723 R_mean=14.9368
[SVDD-H] 043/100 loss=1.953160 rec=1.704311 svdd=236.270907 excl=1.576148 overlap=22.127407 R_mean=14.9809
[SVDD-H] 044/100 loss=1.954264 rec=1.703516 svdd=236.819651 excl=1.675170 overlap=22.215576 R_mean=15.0214
[SVDD-H] 045/100 loss=1.953844 rec=1.701348 svdd=237.493129 excl=1.765661 overlap=22.296526 R_mean=15.0576
[EVAL] epoch=045 macro_auc=0.6119744028635891
[SVDD-H] 046/100 loss=1.953228 rec=1.699164 svdd=238.199042 excl=1.846480 overlap=22.369011 R_mean=15.0914
[SVDD-H] 047/100 loss=1.954375 rec=1.699116 svdd=239.137611 excl=1.893752 overlap=22.436527 R_mean=15.1222
[SVDD-H] 048/100 loss=1.957129 rec=1.700936 svdd=240.351562 excl=1.919419 overlap=22.498159 R_mean=15.1545
[SVDD-H] 049/100 loss=1.957597 rec=1.700513 svdd=241.639943 excl=1.937420 overlap=22.562769 R_mean=15.1877
[SVDD-H] 050/100 loss=1.961131 rec=1.703158 svdd=242.884060 excl=1.953639 overlap=22.629272 R_mean=15.2215
[EVAL] epoch=050 macro_auc=0.5429957513263534
[SVDD-H] 051/100 loss=1.958447 rec=1.699555 svdd=244.110864 excl=1.971896 overlap=22.696785 R_mean=15.2559
[SVDD-H] 052/100 loss=1.959625 rec=1.699738 svdd=245.266777 excl=1.996730 overlap=22.765585 R_mean=15.2910
[SVDD-H] 053/100 loss=1.960887 rec=1.699916 svdd=246.336139 excl=2.029535 overlap=22.835884 R_mean=15.3266
[SVDD-H] 054/100 loss=1.959047 rec=1.696850 svdd=247.079692 excl=2.077311 overlap=22.907011 R_mean=15.3606
[SVDD-H] 055/100 loss=1.961637 rec=1.697834 svdd=247.174254 excl=2.169523 overlap=22.974922 R_mean=15.3896
[EVAL] epoch=055 macro_auc=0.44239247616524296
[SVDD-H] 056/100 loss=1.965388 rec=1.699653 svdd=246.432839 excl=2.308355 overlap=23.033047 R_mean=15.4106
[SVDD-H] 057/100 loss=1.965019 rec=1.697564 svdd=245.484786 excl=2.443059 overlap=23.075020 R_mean=15.4242
[SVDD-H] 058/100 loss=1.967063 rec=1.698785 svdd=245.532655 excl=2.497957 overlap=23.102179 R_mean=15.4350
[SVDD-H] 059/100 loss=1.967256 rec=1.698535 svdd=245.967840 excl=2.518450 overlap=23.123835 R_mean=15.4459
[SVDD-H] 060/100 loss=1.965424 rec=1.696363 svdd=246.440455 excl=2.528327 overlap=23.145531 R_mean=15.4568
[EVAL] epoch=060 macro_auc=0.546023228418935
[SVDD-H] 061/100 loss=1.963296 rec=1.693810 svdd=246.756939 excl=2.547417 overlap=23.167416 R_mean=15.4679
[SVDD-H] 062/100 loss=1.967510 rec=1.697396 svdd=246.702321 excl=2.588331 overlap=23.189592 R_mean=15.4780
[SVDD-H] 063/100 loss=1.964150 rec=1.692762 svdd=245.903473 excl=2.699515 overlap=23.209824 R_mean=15.4826
[SVDD-H] 064/100 loss=1.967813 rec=1.695592 svdd=245.187993 excl=2.777182 overlap=23.218969 R_mean=15.4830
[SVDD-H] 065/100 loss=1.966291 rec=1.693810 svdd=244.987861 excl=2.803329 overlap=23.219824 R_mean=15.4823
[EVAL] epoch=065 macro_auc=0.5748934883870994
[SVDD-H] 066/100 loss=1.967818 rec=1.695296 svdd=244.969583 excl=2.808890 overlap=23.218403 R_mean=15.4812
[SVDD-H] 067/100 loss=1.966342 rec=1.693852 svdd=244.950625 excl=2.808029 overlap=23.216206 R_mean=15.4807
[SVDD-H] 068/100 loss=1.966218 rec=1.693752 svdd=244.931669 excl=2.806812 overlap=23.215105 R_mean=15.4799
[SVDD-H] 069/100 loss=1.964703 rec=1.692244 svdd=244.917761 excl=2.807790 overlap=23.213543 R_mean=15.4795
[SVDD-H] 070/100 loss=1.967216 rec=1.694767 svdd=244.897566 excl=2.807663 overlap=23.212702 R_mean=15.4787
[EVAL] epoch=070 macro_auc=0.6165827034021163
[SVDD-H] 071/100 loss=1.965790 rec=1.693359 svdd=244.880498 excl=2.807538 overlap=23.211210 R_mean=15.4782
[SVDD-H] 072/100 loss=1.965468 rec=1.693056 svdd=244.874852 excl=2.806676 overlap=23.210125 R_mean=15.4777
[SVDD-H] 073/100 loss=1.964455 rec=1.692048 svdd=244.861881 excl=2.807099 overlap=23.209227 R_mean=15.4769
[SVDD-H] 074/100 loss=1.965458 rec=1.693079 svdd=244.846847 excl=2.806129 overlap=23.207590 R_mean=15.4764
[SVDD-H] 075/100 loss=1.963739 rec=1.691370 svdd=244.829253 excl=2.806141 overlap=23.206617 R_mean=15.4759
[EVAL] epoch=075 macro_auc=0.6548226555751785
[SVDD-H] 076/100 loss=1.966322 rec=1.693956 svdd=244.819008 excl=2.806910 overlap=23.205675 R_mean=15.4756
[SVDD-H] 077/100 loss=1.966010 rec=1.693659 svdd=244.812668 excl=2.806071 overlap=23.204937 R_mean=15.4753
[SVDD-H] 078/100 loss=1.964393 rec=1.692047 svdd=244.803957 excl=2.806237 overlap=23.204308 R_mean=15.4747
[SVDD-H] 079/100 loss=1.963688 rec=1.691353 svdd=244.796467 excl=2.806252 overlap=23.203283 R_mean=15.4745
[SVDD-H] 080/100 loss=1.963157 rec=1.690824 svdd=244.783584 excl=2.806612 overlap=23.202835 R_mean=15.4742
[EVAL] epoch=080 macro_auc=0.6859319804972234
[SVDD-H] 081/100 loss=1.963683 rec=1.691355 svdd=244.777965 excl=2.806663 overlap=23.202269 R_mean=15.4738
[SVDD-H] 082/100 loss=1.962363 rec=1.690042 svdd=244.771163 excl=2.806868 overlap=23.201445 R_mean=15.4737
[SVDD-H] 083/100 loss=1.962302 rec=1.689987 svdd=244.761035 excl=2.806600 overlap=23.201145 R_mean=15.4733
[SVDD-H] 084/100 loss=1.964989 rec=1.692675 svdd=244.757532 excl=2.807110 overlap=23.200478 R_mean=15.4732
[SVDD-H] 085/100 loss=1.962746 rec=1.690439 svdd=244.749336 excl=2.806781 overlap=23.200195 R_mean=15.4729
[EVAL] epoch=085 macro_auc=0.7042127130111474
[SVDD-H] 086/100 loss=1.962549 rec=1.690246 svdd=244.741130 excl=2.806975 overlap=23.199640 R_mean=15.4727
[SVDD-H] 087/100 loss=1.960213 rec=1.687914 svdd=244.736894 excl=2.807054 overlap=23.199154 R_mean=15.4726
[SVDD-H] 088/100 loss=1.964593 rec=1.692294 svdd=244.738680 excl=2.807292 overlap=23.198915 R_mean=15.4724
[SVDD-H] 089/100 loss=1.961318 rec=1.689020 svdd=244.726696 excl=2.807544 overlap=23.198612 R_mean=15.4722
[SVDD-H] 090/100 loss=1.960400 rec=1.688107 svdd=244.727041 excl=2.807547 overlap=23.198156 R_mean=15.4721
[EVAL] epoch=090 macro_auc=0.6882572708109063
[SVDD-H] 091/100 loss=1.961347 rec=1.689052 svdd=244.719822 excl=2.807882 overlap=23.198069 R_mean=15.4718
[SVDD-H] 092/100 loss=1.961593 rec=1.689305 svdd=244.716390 excl=2.807867 overlap=23.197380 R_mean=15.4716
[SVDD-H] 093/100 loss=1.960266 rec=1.687979 svdd=244.711919 excl=2.808089 overlap=23.197052 R_mean=15.4716
[SVDD-H] 094/100 loss=1.958733 rec=1.686439 svdd=244.713775 excl=2.808904 overlap=23.196949 R_mean=15.4714
[SVDD-H] 095/100 loss=1.957617 rec=1.685321 svdd=244.708356 excl=2.809483 overlap=23.196609 R_mean=15.4714
[EVAL] epoch=095 macro_auc=0.6895370844210256
[SVDD-H] 096/100 loss=1.959689 rec=1.687392 svdd=244.707811 excl=2.809624 overlap=23.196594 R_mean=15.4716
[SVDD-H] 097/100 loss=1.957882 rec=1.685490 svdd=244.701612 excl=2.818743 overlap=23.196917 R_mean=15.4715
[SVDD-H] 098/100 loss=1.959145 rec=1.686752 svdd=244.701018 excl=2.819135 overlap=23.196697 R_mean=15.4716
[SVDD-H] 099/100 loss=1.958566 rec=1.686075 svdd=244.695812 excl=2.828598 overlap=23.196983 R_mean=15.4716
[SVDD-H] 100/100 loss=1.957849 rec=1.685363 svdd=244.694853 excl=2.828174 overlap=23.196892 R_mean=15.4715
[EVAL] epoch=100 macro_auc=0.6918884099143586
{
  "best_epoch": 15,
  "best_macro_auc": 0.9217983035762858,
  "per_digit_best_auc": {
    "0": 0.9801675957668253,
    "1": 0.9980929548651067,
    "2": 0.8071165870326523,
    "3": 0.9500193666000927,
    "4": 0.8607267181755418,
    "5": 0.8430743736475781,
    "6": 0.9805743719646514,
    "7": 0.9667443292479284,
    "8": 0.8729943787999648,
    "9": 0.9584723596625165
  },
  "curvature": 1.0,
  "objective": "soft-boundary",
  "lambda_excl": 0.01,
  "margin_excl": 0.1,
  "lambda_overlap": 0.01,
  "margin_overlap": 0.05
}
