[AE] skipped pretrain; loaded stage-1 checkpoint: /home/josepcec/Downloads/OASPL/svDD/samplesvdd/hySpCheck/runs/ablate_mnist_full_t2_ae150/ae_stage1_ep150.pth
[SVDD-H] 001/100 loss=1.790918 rec=1.724195 svdd=1334.468101 excl=0.000000 overlap=0.000000 R_mean=0.0000
[SVDD-H] 002/100 loss=1.782721 rec=1.722783 svdd=1198.756928 excl=0.000000 overlap=0.000000 R_mean=0.0000
[SVDD-H] 003/100 loss=1.776044 rec=1.721283 svdd=1095.221807 excl=0.000000 overlap=0.000000 R_mean=0.0000
[SVDD-H] 004/100 loss=1.770932 rec=1.720500 svdd=1008.655399 excl=0.000000 overlap=0.000000 R_mean=0.0000
[SVDD-H] 005/100 loss=1.767261 rec=1.720562 svdd=933.966811 excl=0.000000 overlap=0.000000 R_mean=0.0000
[EVAL] epoch=005 macro_auc=0.8154657620090292
[SVDD-H] 006/100 loss=1.761793 rec=1.718277 svdd=870.318143 excl=0.000000 overlap=0.000000 R_mean=10.1033
[SVDD-H] 007/100 loss=1.873176 rec=1.717887 svdd=244.743026 excl=0.184459 overlap=12.460587 R_mean=11.1929
[SVDD-H] 008/100 loss=1.887859 rec=1.718432 svdd=219.699521 excl=0.120443 overlap=14.639729 R_mean=11.8391
[SVDD-H] 009/100 loss=1.893147 rec=1.715227 svdd=204.502043 excl=0.083729 overlap=15.932205 R_mean=12.2742
[SVDD-H] 010/100 loss=1.900672 rec=1.714889 svdd=205.235581 excl=0.074983 overlap=16.802311 R_mean=12.6268
[EVAL] epoch=010 macro_auc=0.8636655827272344
[SVDD-H] 011/100 loss=1.909577 rec=1.716431 svdd=208.435589 excl=0.076468 overlap=17.507704 R_mean=12.9288
[SVDD-H] 012/100 loss=1.916164 rec=1.716204 svdd=212.441462 excl=0.082222 overlap=18.111515 R_mean=13.1964
[SVDD-H] 013/100 loss=1.920692 rec=1.714331 svdd=217.083680 excl=0.090378 overlap=18.646845 R_mean=13.4397
[SVDD-H] 014/100 loss=1.927922 rec=1.715298 svdd=221.586089 excl=0.102101 overlap=19.133400 R_mean=13.6643
[SVDD-H] 015/100 loss=1.933135 rec=1.714381 svdd=225.891392 excl=0.116329 overlap=19.582584 R_mean=13.8728
[EVAL] epoch=015 macro_auc=0.8038021155292396
[SVDD-H] 016/100 loss=1.937682 rec=1.712975 svdd=230.172168 excl=0.132024 overlap=19.999563 R_mean=14.0687
[SVDD-H] 017/100 loss=1.941645 rec=1.710706 svdd=234.506422 excl=0.152986 overlap=20.391489 R_mean=14.2542
[SVDD-H] 018/100 loss=1.949471 rec=1.711791 svdd=238.822816 excl=0.181140 overlap=20.762470 R_mean=14.4309
[SVDD-H] 019/100 loss=1.956055 rec=1.711218 svdd=243.029899 excl=0.215278 overlap=21.115768 R_mean=14.6010
[SVDD-H] 020/100 loss=1.965547 rec=1.712696 svdd=246.919364 excl=0.259446 overlap=21.456017 R_mean=14.7641
[EVAL] epoch=020 macro_auc=0.6926702426482476
[SVDD-H] 021/100 loss=1.973339 rec=1.712031 svdd=250.728112 excl=0.309502 overlap=21.782156 R_mean=14.9202
[SVDD-H] 022/100 loss=1.983596 rec=1.711585 svdd=254.061067 excl=0.383631 overlap=22.094425 R_mean=15.0691
[SVDD-H] 023/100 loss=1.995980 rec=1.708772 svdd=256.675997 excl=0.504528 overlap=22.392145 R_mean=15.2066
[SVDD-H] 024/100 loss=2.013288 rec=1.712127 svdd=258.948123 excl=0.615421 overlap=22.667166 R_mean=15.3334
[SVDD-H] 025/100 loss=2.027000 rec=1.710993 svdd=260.806166 excl=0.737577 overlap=22.920898 R_mean=15.4510
[EVAL] epoch=025 macro_auc=0.5483182984831134
[SVDD-H] 026/100 loss=2.043890 rec=1.708961 svdd=261.878424 excl=0.902743 overlap=23.156038 R_mean=15.5582
[SVDD-H] 027/100 loss=2.079727 rec=1.712035 svdd=261.371942 excl=1.209199 overlap=23.370340 R_mean=15.6471
[SVDD-H] 028/100 loss=2.110788 rec=1.708728 svdd=260.322230 excl=1.535620 overlap=23.548176 R_mean=15.7181
[SVDD-H] 029/100 loss=2.143667 rec=1.710757 svdd=259.312821 excl=1.830423 overlap=23.690235 R_mean=15.7726
[SVDD-H] 030/100 loss=2.166144 rec=1.706739 svdd=258.292355 excl=2.084988 overlap=23.799189 R_mean=15.8149
[EVAL] epoch=030 macro_auc=0.3875542046475263
[SVDD-H] 031/100 loss=2.195971 rec=1.709283 svdd=256.631744 excl=2.350188 overlap=23.883747 R_mean=15.8412
[SVDD-H] 032/100 loss=2.214671 rec=1.706922 svdd=255.058834 excl=2.556319 overlap=23.936323 R_mean=15.8568
[SVDD-H] 033/100 loss=2.233169 rec=1.707876 svdd=253.711718 excl=2.729320 overlap=23.967562 R_mean=15.8622
[SVDD-H] 034/100 loss=2.241806 rec=1.708087 svdd=253.099383 excl=2.812796 overlap=23.978477 R_mean=15.8642
[SVDD-H] 035/100 loss=2.242904 rec=1.707296 svdd=253.035050 excl=2.831328 overlap=23.982388 R_mean=15.8652
[EVAL] epoch=035 macro_auc=0.4433514688913177
[SVDD-H] 036/100 loss=2.242174 rec=1.706011 svdd=253.061133 excl=2.836661 overlap=23.984413 R_mean=15.8663
[SVDD-H] 037/100 loss=2.240115 rec=1.704123 svdd=253.075002 excl=2.834723 overlap=23.986538 R_mean=15.8669
[SVDD-H] 038/100 loss=2.237260 rec=1.701393 svdd=253.093196 excl=2.833345 overlap=23.987843 R_mean=15.8677
[SVDD-H] 039/100 loss=2.238949 rec=1.703323 svdd=253.115500 excl=2.830751 overlap=23.989487 R_mean=15.8685
[SVDD-H] 040/100 loss=2.237934 rec=1.702406 svdd=253.123787 excl=2.829611 overlap=23.991037 R_mean=15.8690
[EVAL] epoch=040 macro_auc=0.45948794509690466
[SVDD-H] 041/100 loss=2.240536 rec=1.705111 svdd=253.125906 excl=2.828486 overlap=23.991938 R_mean=15.8691
[SVDD-H] 042/100 loss=2.239682 rec=1.704544 svdd=253.131115 excl=2.825607 overlap=23.992155 R_mean=15.8692
[SVDD-H] 043/100 loss=2.238055 rec=1.702995 svdd=253.138490 excl=2.824792 overlap=23.992441 R_mean=15.8695
[SVDD-H] 044/100 loss=2.236508 rec=1.701662 svdd=253.142960 excl=2.822590 overlap=23.992949 R_mean=15.8699
[SVDD-H] 045/100 loss=2.235845 rec=1.701140 svdd=253.143176 excl=2.821100 overlap=23.993774 R_mean=15.8697
[EVAL] epoch=045 macro_auc=0.4764347547786788
[SVDD-H] 046/100 loss=2.235115 rec=1.700467 svdd=253.149980 excl=2.820565 overlap=23.993431 R_mean=15.8701
[SVDD-H] 047/100 loss=2.236895 rec=1.702375 svdd=253.150531 excl=2.819208 overlap=23.994205 R_mean=15.8700
[SVDD-H] 048/100 loss=2.235149 rec=1.700699 svdd=253.167793 excl=2.818507 overlap=23.994093 R_mean=15.8707
[SVDD-H] 049/100 loss=2.235771 rec=1.701470 svdd=253.164219 excl=2.816890 overlap=23.995443 R_mean=15.8705
[SVDD-H] 050/100 loss=2.236980 rec=1.702773 svdd=253.169683 excl=2.815994 overlap=23.994928 R_mean=15.8707
[EVAL] epoch=050 macro_auc=0.5028145592523414
[SVDD-H] 051/100 loss=2.233690 rec=1.699585 svdd=253.155608 excl=2.814929 overlap=23.995384 R_mean=15.8703
[SVDD-H] 052/100 loss=2.235615 rec=1.701580 svdd=253.150322 excl=2.814313 overlap=23.994537 R_mean=15.8699
[SVDD-H] 053/100 loss=2.231290 rec=1.697319 svdd=253.140440 excl=2.813763 overlap=23.993761 R_mean=15.8696
[SVDD-H] 054/100 loss=2.232297 rec=1.698440 svdd=253.143448 excl=2.812694 overlap=23.993132 R_mean=15.8696
[SVDD-H] 055/100 loss=2.235615 rec=1.701796 svdd=253.138136 excl=2.812289 overlap=23.993248 R_mean=15.8695
[EVAL] epoch=055 macro_auc=0.533889523731186
[SVDD-H] 056/100 loss=2.235371 rec=1.701631 svdd=253.127531 excl=2.811526 overlap=23.993034 R_mean=15.8692
[SVDD-H] 057/100 loss=2.233380 rec=1.699688 svdd=253.113811 excl=2.811129 overlap=23.992348 R_mean=15.8685
[SVDD-H] 058/100 loss=2.230999 rec=1.697370 svdd=253.106865 excl=2.810627 overlap=23.991051 R_mean=15.8681
[SVDD-H] 059/100 loss=2.228911 rec=1.695289 svdd=253.102275 excl=2.810645 overlap=23.990253 R_mean=15.8678
[SVDD-H] 060/100 loss=2.231047 rec=1.697459 svdd=253.079248 excl=2.810376 overlap=23.989630 R_mean=15.8670
[EVAL] epoch=060 macro_auc=0.5665355256808177
[SVDD-H] 061/100 loss=2.233697 rec=1.700204 svdd=253.061878 excl=2.809600 overlap=23.988049 R_mean=15.8662
[SVDD-H] 062/100 loss=2.230118 rec=1.696637 svdd=253.038390 excl=2.809662 overlap=23.986313 R_mean=15.8650
[SVDD-H] 063/100 loss=2.231234 rec=1.697783 svdd=252.999115 excl=2.809607 overlap=23.984022 R_mean=15.8636
[SVDD-H] 064/100 loss=2.228351 rec=1.694984 svdd=252.974578 excl=2.809067 overlap=23.981207 R_mean=15.8627
[SVDD-H] 065/100 loss=2.228936 rec=1.695587 svdd=252.953962 excl=2.809068 overlap=23.979485 R_mean=15.8617
[EVAL] epoch=065 macro_auc=0.6007382998410398
[SVDD-H] 066/100 loss=2.229024 rec=1.695676 svdd=252.927944 excl=2.809271 overlap=23.977467 R_mean=15.8607
[SVDD-H] 067/100 loss=2.228435 rec=1.695129 svdd=252.898767 excl=2.809077 overlap=23.975393 R_mean=15.8593
[SVDD-H] 068/100 loss=2.228526 rec=1.695275 svdd=252.858904 excl=2.808813 overlap=23.972586 R_mean=15.8579
[SVDD-H] 069/100 loss=2.226785 rec=1.693612 svdd=252.834133 excl=2.808335 overlap=23.969791 R_mean=15.8568
[SVDD-H] 070/100 loss=2.228840 rec=1.695671 svdd=252.795913 excl=2.808527 overlap=23.967670 R_mean=15.8552
[EVAL] epoch=070 macro_auc=0.6368909609533182
[SVDD-H] 071/100 loss=2.227777 rec=1.694682 svdd=252.764614 excl=2.808131 overlap=23.964384 R_mean=15.8536
[SVDD-H] 072/100 loss=2.226222 rec=1.693136 svdd=252.719826 excl=2.808386 overlap=23.961149 R_mean=15.8517
[SVDD-H] 073/100 loss=2.223982 rec=1.690923 svdd=252.666151 excl=2.808512 overlap=23.957466 R_mean=15.8499
[SVDD-H] 074/100 loss=2.225369 rec=1.692336 svdd=252.630014 excl=2.808627 overlap=23.953863 R_mean=15.8486
[SVDD-H] 075/100 loss=2.227006 rec=1.694004 svdd=252.606574 excl=2.808589 overlap=23.951288 R_mean=15.8479
[EVAL] epoch=075 macro_auc=0.6659985415091516
[SVDD-H] 076/100 loss=2.226974 rec=1.693954 svdd=252.565259 excl=2.808944 overlap=23.949749 R_mean=15.8453
[SVDD-H] 077/100 loss=2.224860 rec=1.691888 svdd=252.513852 excl=2.809013 overlap=23.944523 R_mean=15.8435
[SVDD-H] 078/100 loss=2.226214 rec=1.693278 svdd=252.479353 excl=2.809015 overlap=23.941053 R_mean=15.8420
[SVDD-H] 079/100 loss=2.223739 rec=1.690839 svdd=252.418654 excl=2.808981 overlap=23.938076 R_mean=15.8389
[SVDD-H] 080/100 loss=2.227935 rec=1.695085 svdd=252.341458 excl=2.809148 overlap=23.931728 R_mean=15.8363
[EVAL] epoch=080 macro_auc=0.6833639099091757
[SVDD-H] 081/100 loss=2.224007 rec=1.691217 svdd=252.286339 excl=2.809094 overlap=23.926636 R_mean=15.8334
[SVDD-H] 082/100 loss=2.223604 rec=1.690842 svdd=252.225179 excl=2.809413 overlap=23.920898 R_mean=15.8309
[SVDD-H] 083/100 loss=2.226382 rec=1.693676 svdd=252.156380 excl=2.809408 overlap=23.915783 R_mean=15.8278
[SVDD-H] 084/100 loss=2.223838 rec=1.691245 svdd=252.084565 excl=2.808919 overlap=23.909668 R_mean=15.8249
[SVDD-H] 085/100 loss=2.222039 rec=1.689459 svdd=252.022758 excl=2.809406 overlap=23.903837 R_mean=15.8223
[EVAL] epoch=085 macro_auc=0.6905722086642311
[SVDD-H] 086/100 loss=2.222465 rec=1.689031 svdd=251.942484 excl=2.818518 overlap=23.898521 R_mean=15.8183
[SVDD-H] 087/100 loss=2.225529 rec=1.692198 svdd=251.852867 excl=2.818324 overlap=23.890686 R_mean=15.8150
[SVDD-H] 088/100 loss=2.224375 rec=1.690569 svdd=251.769391 excl=2.823771 overlap=23.884050 R_mean=15.8110
[SVDD-H] 089/100 loss=2.222954 rec=1.688829 svdd=251.668631 excl=2.827826 overlap=23.875956 R_mean=15.8063
[SVDD-H] 090/100 loss=2.224107 rec=1.690110 svdd=251.578195 excl=2.827525 overlap=23.866554 R_mean=15.8033
[EVAL] epoch=090 macro_auc=0.6755380959709886
[SVDD-H] 091/100 loss=2.222795 rec=1.688859 svdd=251.494883 excl=2.827552 overlap=23.860628 R_mean=15.7990
[SVDD-H] 092/100 loss=2.221135 rec=1.687285 svdd=251.384700 excl=2.827614 overlap=23.851915 R_mean=15.7931
[SVDD-H] 093/100 loss=2.220358 rec=1.686583 svdd=251.270166 excl=2.828098 overlap=23.840210 R_mean=15.7887
[SVDD-H] 094/100 loss=2.221956 rec=1.688277 svdd=251.155255 excl=2.828069 overlap=23.831440 R_mean=15.7829
[SVDD-H] 095/100 loss=2.219918 rec=1.686350 svdd=251.028730 excl=2.828171 overlap=23.819874 R_mean=15.7776
[EVAL] epoch=095 macro_auc=0.6224960748196132
[SVDD-H] 096/100 loss=2.221425 rec=1.687961 svdd=250.919610 excl=2.828254 overlap=23.809265 R_mean=15.7724
[SVDD-H] 097/100 loss=2.222950 rec=1.688810 svdd=250.782892 excl=2.836132 overlap=23.798790 R_mean=15.7654
[SVDD-H] 098/100 loss=2.221282 rec=1.687269 svdd=250.642256 excl=2.836321 overlap=23.784899 R_mean=15.7594
[SVDD-H] 099/100 loss=2.219680 rec=1.685824 svdd=250.489010 excl=2.836020 overlap=23.772863 R_mean=15.7511
[SVDD-H] 100/100 loss=2.220103 rec=1.686418 svdd=250.323364 excl=2.836065 overlap=23.756231 R_mean=15.7436
[EVAL] epoch=100 macro_auc=0.6246584005292236
{
  "best_epoch": 10,
  "best_macro_auc": 0.8636655827272344,
  "per_digit_best_auc": {
    "0": 0.9336376455143716,
    "1": 0.9978911136683288,
    "2": 0.7098583601536912,
    "3": 0.852350250957233,
    "4": 0.82515557900973,
    "5": 0.7760949050017139,
    "6": 0.9069212697701535,
    "7": 0.9440845057675417,
    "8": 0.8102972678501111,
    "9": 0.8803649295794692
  },
  "curvature": 1.0,
  "objective": "soft-boundary",
  "lambda_excl": 0.1,
  "margin_excl": 0.1,
  "lambda_overlap": 0.01,
  "margin_overlap": 0.05
}
